Cluster #1: 11 article(s)
  Words Counting:지급 기부 청와대 정부 가능
  LDA Topics    :지급 통과 청와대 긴급재난지원금 신청
    0.95-'n번방 방지법' 국회 통과…미성년자 성범죄 공소시효 폐지
    0.94-"묻고 더블로 가"…12조 통과되자마자 30조 추경 꺼내든 여당
    0.96-인터넷은행법 개정안 간신히 통과…채이배, 반대했던 의원 호명하며
    0.98-카카오뱅크·케이뱅크도 대출 유예 신청 받는다
    0.86-청와대 "긴급재난지원금 이렇게 지급하는 걸로 구상합니다"
    0.80-靑, "긴급재난지원금 5월 13일부터 지급 추진"
    0.78-[레이더P] 靑 "추경통과땐 긴급재난지원금 내달 13일부터 지급"
    0.98-아파트 세입자도 동대표 될 수 있다
    0.88-[속보] 청와대 "정부, 5월13일부터 긴급재난지원금 지급 준비"
    0.92-[레이더P] 與, 2차 추경 최후통첩에…野 "예산심사할 최소한의 자료라도 달라"
    0.94-[핫이슈] 지원금기부 인증 놀이를 하고 싶은 것인가
    ...

Cluster #2: 3 article(s)
  Words Counting:통합당 원내대표 총선 긴급재난지원금 입장
  LDA Topics    :총선 원내대표 통합당 발동 입장
    0.83-총선 후 '빨간불' 목동 재건축…8단지 "안전진단 취소하겠다"
    0.72-[종합] 이인영 "지원금 미뤄 총선敗 분풀이" vs 심재철 "지나가던 개가 웃어"
    0.73-이인영 "통합당 끝내 입장 안바꾸면 다시 태어날길 완전 봉쇄"
    ...

Cluster #3: 8 article(s)
  Words Counting:검찰 당선 혐의 교사 압수수색
  LDA Topics    :검찰 당선 혐의 압수수색 황운하
    0.99-'한국판 BBC프롬스' 8월 서울서 열린다
    0.97-속옷 빨래 숙제 낸 초등교사…'임용고시'는 왜 못 걸렀나?
    0.79-檢, 황운하 압수수색…與일각 "표적수사"
    0.82-검찰, 황운하 사무실 7시간 압수수색…박스 1개 분량 자료 확보
    0.81-버닝썬 유착 의혹 `경찰총장` 윤규근 총경, 1심 무죄
    0.93-가로세로연구소 운영진 `선거법 위반 혐의`로 고발돼
    0.82-버닝썬 유착 의혹 `경찰총장` 1심 무죄…6개월만에 석방
    0.86-[속보] 검찰, 황운하 당선인 사무실 압수수색
    ...

Cluster #4: 34 article(s)
  Words Counting:민주당 의원 사건 더불어민주당 소속
  LDA Topics    :민주당 단비 의원 사건 서울시
    0.99-정보통신정책연구원장에 권호열 교수
    0.99-코로나 아픔, 단비 같은 글로 감싸드립니다
    0.99-하영선 이사장, 日 '욱일중수장' 수훈
    0.99-英 '워호스' 첫 내한공연 결국 무산
    0.99-도로·공항·관광지로 쏟아져 나온 사람들
    0.99-수중 왕국으로 간 얼음공주
    0.99-5월 1일 날씨 : 최고 32도…성큼 다가온 여름
    0.99-[책마을] 겸재 정선의 그림엔 '정치적 기상도'가 담겨 있었다
    0.99-요동 치는 밥상물가…삼겹살·양배추↑, 우유값↓
    0.99-아티스트 김아타 "존재 본질 찾아 헤맨지 30년…자연이 그리게 했죠"
    0.99-야심차게 출범한 롯데ON, 2% 부족했던 점은…
    0.99-백화점 황금연휴 세일 돌입
    0.99-연휴 첫날 맛집앞 긴 줄…"거리두기 걱정되네"
    0.98-[단독] 서울시, 이달 초 현대차 GBC 착공 허가
    0.99-"취업 잘된다"…1000만원 수강료에도 줄 잇는 교육생들
    0.99-[단독] 재개발 때 임대주택 더 지으면 분양가상한제 풀어준다
    0.97-오거돈·양정숙 여파…문 대통령·민주당 지지율 하락
    0.99-"조세회피 무관한 기부엔 과세 말아야"
    0.99-"위기 때 복원력 강한 공급망 분산이 낫다"
    0.99-닥터 둠 "세계경제 U자 회복 후 '더 큰 대공황' 온다"
    0.99-[주목! 이 책] 먼나라 이웃나라, 러시아 1·2
    0.18-[주목! 이 책] 다시 돌아가 만나기가 어렵다
    0.99-[주목! 이 책] 세기의 쏘울 메이트
    0.99-전경련, 최고경영자과정 '언택트 마케팅' 등 12일 개강
    0.99-"추천 인재 입사하면 2000만원 포상"…'구인전쟁' 벌어진 곳
    0.99-더 복잡해진 고리1호기 '해체 셈법'
    0.97-"장모도 모르는 일을 어찌 아나"…`비서관 가정폭력 논란`에 입 연 김병기
    0.97-서울시, 직원 성폭행 사건에 "책임 통감하며 사과"
    0.95-與, 잇단 성비위에 TF 구성 "오거돈 성추행은 진짜 몰랐다"
    0.97-민주 원내대표 경선 `3파전` 될까…주말까지 교통정리
    0.96-`어기구`부터 `오거돈`까지…"열린우리당의 아픔"은 통하지 않았다
    0.98-민주 설훈 최고위원 "전두환 `5·18 운동 왜곡` 증거 확인…석고대죄해야"
    0.97-민주당, 27일 윤리심판원 회의서 `성추행` 오거돈 제명 논의
    0.95-김두관 "오거돈 제명 당연…성추행 사건 반복은 사회적 경각심 부족"
    ...

Cluster #5: 5 article(s)
  Words Counting:아들 사이 부인 한국 트럼프
  LDA Topics    :한국 트럼프 어떻길래 파월 부인
    0.86-[책마을] 경기침체 위기의 한국…강력한 금융정책이 답!
    0.82-트럼프 "한국, 방위비 더 내기로 합의"…靑 즉각 부인
    0.89-美 경제 어떻길래…파월이 거꾸로 트럼프에게 "돈 더 풀어라"
    0.86-"고분양가 논란 딛고 수영장 등 한국 최고의 커뮤니티 만들었죠"
    0.90-71살에 또 득남한 유명 할리우드 배우 누구일까
    ...

Cluster #6: 15 article(s)
  Words Counting:트럼프 위원장 대통령 보도 북한
  LDA Topics    :트럼프 보도 대통령 위원장 부정확
    1.00-'전면 개헌' 군불 때는 與…토지공개념·대통령 연임제 밀어붙이나
    1.00-4년 대통령 연임제도 개헌안에 담기나 '촉각'
    1.00-애플, 메일 앱 결함 해킹 이용 의혹에 "증거 없다"
    0.92-트럼프의 코로나19 치료법?…"몸에 자외선 쬐거나 소독제 주입"
    0.80-트럼프 "CNN 김정은 보도 부정확…오래된 문건 이용"
    0.94-`김정은 신변이상설`에 정부 "특이 동향 없다" 다시 강조
    0.92-[레이더P] 태구민 "北 60·70대 보좌 눈에 김여정은 애송이, 고민할 것"
    1.00-`한국산 진단키트` 트럼프가 못마땅해도 주지사들은…
    0.85-트럼프 "北김정은, 괜찮길 바란다"…박지원 "그러니까 의혹 증폭"
    0.71-[종합] 트럼프 "CNN 보도 부정확…김정은 괜찮길 바란다"
    0.73-트럼프 "CNN 보도 부정확…김정은 괜찮길 바란다"
    0.76-트럼프, 김정은 건강이상설 CNN 보도에 "부정확하다"
    0.87-[속보] 트럼프, 김정은 건강이상설 CNN 보도에 "부정확"
    0.95-태영호 "친위세력에게 김여정은 `애송이`…김평일 주목해야"
    0.97-`코로나와 동떨어진 세상`…이방카-쿠슈너 부부, 명절맞이 가족여행 논란
    ...

Cluster #7: 3 article(s)
  Words Counting:소방청 금지 화재 화재위험경보 경계
  LDA Topics    :화재 안전대책 작동 강화 이천
    0.75-이천 물류창고 수차례 '화재 위험' 경고받았다
    0.75-"강화한 화재 안전대책 왜 작동 안했나 살펴야"
    0.79-소방청, 건조한 날씨·강풍 예보에 화재위험경보 `경계` 발령
    ...

Cluster #8: 10 article(s)
  Words Counting:비대위 김종 통합당 의원 위원장
  LDA Topics    :비대위 김종 통합당 비대위원장 원내대표
    0.97-"통합당 진로 새 원내대표가 결정"…黨지도부 손뗐다
    0.61-`김종인 비대위`에 벌써 태클…黨중진들 "무소불위 권한 탐하나"
    0.87-[레이더P] 주호영 "외부 비대위원장 성공한 적 별로 없지만, 사람이 없다"
    0.76-조경태 "무소불위 비대위 용납 못해…김종인, 전당대회 출마하라"
    0.67-[종합] 통합당, `김종인 비대위` 체제로…28일 공식 출범
    0.81-이준석 "김종인 말고 다른 카드 있나?…임기 논쟁 자체가 희한"
    0.90-유승민 "文정부 위선보고도 통합당 안찍어…그정도로 우린 밉상"
    0.74-김종인, 통합당 비대위원장직 수락…28일 전국위 개최
    0.63-[레이더P] 김종인, 통합당 비대위원장 수락…일부 의원들 반발
    0.98-[속보] 김종인, 통합당 비대위원장 수락…28일 전국위 열기로
    ...

Cluster #9: 2 article(s)
  Words Counting:크루즈선 승무원 확진자 검사 발생
  LDA Topics    :승무원 크루즈선 누적 신규확진 1만708명
    0.69-日나가사키 크루즈선 확진 91명…한국인 1명은 아직도
    0.69-[속보]코로나19 어제 신규확진 6명…누적 1만708명
    ...

Cluster #10: 10 article(s)
  Words Counting:마스크 총리 착용 사진 족발
  LDA Topics    :마스크 착용 총리 사진 족발
    0.90-부처님오신날…마스크 쓰고 거리 두고 합장
    0.99-삼성전자·SK하이닉스, 美 빅데이터 업체 투자
    0.86-[깨알뉴스] 사진 실수! 사과합니다…"허투루 듣지 않겠다"
    0.94-매운 족발 때문에…`사진 도용` 꼬리표 단 `이낙연`
    0.82-27일부터 공적마스크 `1인3장`…대리구매는 5부제 적용 완화
    0.95-[속보] 정부 "자가격리 위반자 안심밴드 착용 27일부터 적용"
    0.83-정총리 "공적 마스크 구매량, 다음주부터 1인당 3매로 확대"
    0.87-아베가 앞장서 밀어붙인 천 마스크, 벌레나오자 결국…
    0.85-코로나19에 독일·이탈리아 등 유럽서 `마스크 의무화` 속속 선택
    0.90-[속보] 정총리 "공적 마스크 구매량, 다음주부터 1인당 3매로 확대"
    ...

Cluster #11: 12 article(s)
  Words Counting:지원 억원 규모 정부 대한항공
  LDA Topics    :지원 억원 규모 대한항공 완료
    0.98-채널A 압수수색, 2박3일 만에 완료
    0.98-"年 3%대 금리가 어디냐"…회사채로 몰리는 개미들
    0.94-출자 통한 지원 20% 이내로 제한…지분 되팔 땐 기업에 우선매수권
    0.99-일감 부족 이 정도일 줄이야…젊은 변호사들 "생계가 걱정"
    0.81-7대 기간산업 첫 지원…은성수 "지분 취득해도 의결권 행사안해"
    0.97-삼성전자, 5G 관련 특허 전세계 1위…2633건 출원
    0.85-[종합] 정부 "전국민 재난지원금 추경 규모 11조2000억원으로 확대"
    0.87-정부 "전국민 재난지원금 지급 위해 국채 3조6000억원 발행"
    0.82-[종합] 산은·수은, 대한항공에 유동성 고갈 숨통…1조2000억원 신규 지원
    0.83-산은·수은, 대한항공 유동성 지원방안 발표…1조원대 수혈 예상
    0.94-미 의회, 코로나19 대응 600조원 규모 4단계 예산 법안 통과
    0.96-[함께 뛰는 공기업] 친환경 기술개발 힘 쓰고…코로나 극복에 힘 보태고
    ...

Cluster #12: 9 article(s)
  Words Counting:학교 온라인 학생 개학 긴급돌봄
  LDA Topics    :클라우드 학교 인사혁신처 skc코오롱pi 여성가족부
    0.95-[인사] SKC코오롱PI , 여성가족부 , 인사혁신처 등
    0.95-포스코에너지, 지역아동센터에 '4월의 크리스마스' 선물
    0.95-엠디뮨, 오스트리아 대학과 '엑소좀' 연구
    0.93-"원격근무·클라우드가 대세인데…가명정보 '공간 제한'은 시대착오"
    0.93-MS, 원격·재택 늘자 클라우드 수요 몰렸다
    0.95-통일부 "6.15 선언 20주년, 남북공동행사·이산가족 상봉 추진"
    0.92-학교 99% 이상 `등교방역` 준비 마쳐…정부 "등교 시기 신중히 협의"
    0.88-성범죄 가담 예비교원 `교사 안돼`…교육부, 관련 조항 신설 추진
    0.89-"긴급돌봄도 대기표 받으래요"…속타는 맞벌이 가정
    ...

Cluster #13: 16 article(s)
  Words Counting:경기 리그 기본소득 시즌 재개
  LDA Topics    :삼성 경기 비폭력대화 리그 재개
    0.98-72일 만에 지역 감염 0명…의료계 "안심할 때 아니다"
    0.95-삼성 '갤럭시 북 플렉스 알파' 나온다
    0.98-어린이날 선물로 키즈폰 '0원'에 사볼까
    0.94-희비 엇갈린 애플·삼성…'계란' 나눠담은 삼성이 옳았다
    0.97-SOC 연기하고, 기금 끌어오고…2차 추경 12.2조원 재원 마련 '꼼수'
    0.98-[주목! 이 책] 시작합니다, 비폭력대화
    0.97-아시아나 '착륙사고' 샌프란시스코 노선 운항 재개
    0.95-가전과 인테리어의 콜라보…삼성·까사미아 또 뭉쳤다
    0.96-경기도 최고가는 정용진 신세계 부회장 주택
    0.97-"바꾸고, 없애고, 홀렸다"…현대·기아차 '코로나 치명상' 피한 비결
    0.97-농업보조금에 `기본소득` 프레임…경기도 꼼수에 농민단체들 눈살
    0.90-축구도 5월8일 킥오프…韓 스포츠시계 돈다
    0.96-이정은·최혜진·유소연 女골프 `맞대결` 펼친다
    0.92-프로축구 K리그, 5월 8일 전주서 `무관중 경기`로 개막
    0.96-음주운전 차량이 출근길 버스정류장 덮쳐 2명 사상
    0.97-압구정 현대아파트 3천가구 150분간 정전…원인은?
    ...

Cluster #14: 16 article(s)
  Words Counting:시장 성추행 부산시장 사퇴 오거돈
  LDA Topics    :시장 성추행 부산시장 관사 공무원
    0.99-[천자 칼럼] M&A는 축복? 저주?
    0.99-판문점·DMZ서 연주했던 美 첼로 거장 린 하렐 별세
    0.95-김현준 뷰노 대표 "의사 진단 돕는 AI패키지로 건강검진 시장 공략"
    0.99-"수건 가져왔어요"…호텔 로봇의 진화
    0.99-지자체 '재난지원금' 까보니…강원 100만원 vs 포천 280만원
    0.99-출근하면 협력사부터 챙기는 사장님…달라진 '을'의 위상
    0.99-홍준표 "대선주자는 밑바닥서부터 커야…'꽃가마' 안된다"
    0.99-경계현 삼성전기 사장의 '무엇이든 물어보세요' 경영
    0.94-지각변동 美 ETF시장 보면…'포스트 코로나' 주인공 보인다
    0.98-공무원이 박봉?…올해 月평균 539만원 받는다
    0.90-홍준표 "왜 좌파진영에서만 성추문 끊이지 않나…자문해보라"
    0.87-김영춘 "민주당 부산 정치인들 모두가 `죄인`이 된 심정"
    0.89-`오거돈 성추행 장소` 부산시장 집무실에 CCTV 없어
    0.88-오거돈 성추행 피해자 진술하나
    0.91-전격 사퇴한 오거돈 잠적, `연락두절`…어디갔을까?
    0.89-이언주 "오거돈 성추행 왜 이제서야…더불어는 역시 미투당"
    ...

Cluster #15: 12 article(s)
  Words Counting:포인트 미국 이날 대통령 가입
  LDA Topics    :포인트 효과 코스피 미국 렘데시비르
    0.97-[책마을] "직업이 뭐냐"에 짧게 답한다면…당신의 일자리는 사라질수도
    0.96-제넥신 "자궁경부암 DNA백신…면역항암제 효과 3배 높였다"
    0.94-"렘데시비르, 상당한 치료 효과"…美 '코로나 봉쇄' 해제 빨라지나
    0.96-멈췄던 유상증자, 증시 반등하자 재시동
    0.95-개미들, 지난달 코스피 하락에 1조 베팅
    0.94-美뉴욕주 무작위검사해보니…14%에 이미 코로나항체
    0.96-`미친 아이디어`에 꽂힌 국가·기업…`룬샷`을 완성하다
    0.93-한국갤럽 "문대통령 국정지지도 3%포인트 올라 62%"
    0.88-코스피, 美 경제 재개 지연 우려에 약세 출발
    0.94-"유정 폐쇄 시작" 산유량 감소 예고에 국제유가 이틀간 40% 급반등
    0.95-[Money & Riches] 재테크 하고 가족애도 나누고…금융권의 `1석2조` 상품
    0.92-[빅데이터로 본 재테크] 개미들 레이더엔 언택트株 드라마·쇼핑 주목
    ...

Cluster #16: 10 article(s)
  Words Counting:사망자 자가격리 환자 확진자 확인
  LDA Topics    :사망자 환자 연속 확진자 자가격리
    0.96-개강 앞둔 교수 "대학생은 감염돼도 100% 완치"
    0.96-천연 기능성 요구르트 개발한 '에코비오스', 당뇨 환자도 먹는다
    0.96-美 해군, 이틀 연속 남중국해서 작전
    0.95-"황금연휴 기간 18만명이 제주도 방문"…`눈치 게임`은 끝?
    0.95-집단감염 발생했던 재활병원서 대체인력 못구하자…
    0.92-코로나19 사망자 많은 지역 공통점 보니…놀라운 사실이
    0.95-"자가격리 위반자, 27일부터 안심밴드 착용…미동의시 시설격리"
    0.91-WHO "유럽 코로나19 사망 절반이 요양원" 각국에 주의 촉구
    0.81-[종합] 코로나19 신규확진 6명·총1만708명…39일만에 사망자 0명
    0.83-[2보] 코로나19 신규확진 6명·총1만708명…한달여만에 사망발생 0명
    ...

Cluster #17: 3 article(s)
  Words Counting:재판부 선고 당시 혐의 성희롱
  LDA Topics    :재판부 선고 당시 성희롱 징역
    0.74-미스터리 `부천 링거 사망 사건`…법원, 여자친구에 살인죄 인정
    0.75-`4억 사기 혐의` 마이크로닷 부모 항소심서도 실형
    0.83-폭행 징계 10년 후 성추행도 징계…법원 "이중징계 아냐"
    ...

Cluster #18: 10 article(s)
  Words Counting:경찰 아내 혐의 금팔찌 발견
  LDA Topics    :경찰 아내 살해 금팔찌 혐의
    0.96-모친·아들 살해…30대 용의자 검거
    0.95-경찰, `박사방 송금` 내역 확인 MBC 현직 기자 수사
    0.78-아내 지인 살해하고 금품빼앗은 피의자, 시신 발견에도 부인
    0.90-`관악구 모자 살인` 남편, 1심서 무기징역
    0.97-건조특보 내려진 강원 내륙 곳곳 산불 잇따라
    0.93-안산 대부도 간 관광객, 갯벌 진흙서 끔찍한 광경을…
    0.82-전주 30대女 강도살인 피의자, 시신 발견에 한말이…
    0.82-살해한 여성 금팔찌 아내에게 준 피의자
    0.98-톰 행크스, `코로나` 이름 놀림당한 소년에게 준 선물이…
    0.95-40대 남성, 코로나19 외출금지령 어긴 의붓아들 홧김에…
    ...

Cluster #19: 5 article(s)
  Words Counting:중국 조업선 출몰 단속 관계자
  LDA Topics    :중국 조업선 수도 가계 우울한
    0.90-[책마을] 3000년 前부터 시작된 가짜 뉴스…"우리의 지식은 오류로
    0.90-"내 월급 깎일 수도"…우울한 가계 전망
    0.87-코로나19 사망자 속출에 중국산 `시신가방` 주문 폭증
    0.87-4월은 "꽃게 철"…올해도 서해에는 `중조`가 온다
    0.89-`뱀이다`…서울시 `5월엔 뱀 출몰 주의보`
    ...

Cluster #20: 6 article(s)
  Words Counting:회장 경찰 부사장 혐의 검거
  LDA Topics    :회장 부사장 경찰 검거 혐의
    0.91-김용수 국경없는과학기술자회 회장
    0.88-라임 주범들 머문 빌라 계약자는 `의문의 여성`…국제전화로 전화해 모바일로 결제
    0.54-가짜 신분증에 택시 7번 갈아타기도…김봉현 `로비 리스트` 나올까
    0.67-검거된 `라임사태 핵심` 김봉현, 취재진 질문에 `묵묵부답`
    0.60-라임 `키맨` 김봉현, `라임사태 피해자에 할말 없나` 질문에…묵묵부답
    0.61-라임 핵심 이종필·김봉현 검거…검·경 칼날 `비호세력` 정조준
    ...

title:200, cluster:20
